<?xml version="1.0" encoding="UTF-8"?>
<!-- Generated by org.testng.reporters.JUnitReportReporter -->
<testsuite skipped="0" hostname="Sadias-Lappy" name="test.LoginTest" tests="1" failures="0" timestamp="2021-05-29T11:45:08 EDT" time="6.828" errors="0">
  <testcase name="validUserShouldBeAbleToLogin" time="6.828" classname="test.LoginTest"/>
  <system-out/>
</testsuite> <!-- test.LoginTest -->
